2019-04-26 00:48:00,590 - INFO - allennlp.common.params - evaluate_on_test = False
2019-04-26 00:48:00,590 - INFO - allennlp.common.from_params - instantiating class <class 'allennlp.data.dataset_readers.dataset_reader.DatasetReader'> from params {'token_indexers': {'tokens': {'type': 'elmo_characters'}}, 'type': 'sst_tokens'} and extras set()
2019-04-26 00:48:00,590 - INFO - allennlp.common.params - dataset_reader.type = sst_tokens
2019-04-26 00:48:00,591 - INFO - allennlp.common.from_params - instantiating class <class 'allennlp.data.dataset_readers.stanford_sentiment_tree_bank.StanfordSentimentTreeBankDatasetReader'> from params {'token_indexers': {'tokens': {'type': 'elmo_characters'}}} and extras set()
2019-04-26 00:48:00,591 - INFO - allennlp.common.from_params - instantiating class <class 'allennlp.data.token_indexers.token_indexer.TokenIndexer'> from params {'type': 'elmo_characters'} and extras set()
2019-04-26 00:48:00,591 - INFO - allennlp.common.params - dataset_reader.token_indexers.tokens.type = elmo_characters
2019-04-26 00:48:00,591 - INFO - allennlp.common.from_params - instantiating class <class 'allennlp.data.token_indexers.elmo_indexer.ELMoTokenCharactersIndexer'> from params {} and extras set()
2019-04-26 00:48:00,591 - INFO - allennlp.common.params - dataset_reader.token_indexers.tokens.namespace = elmo_characters
2019-04-26 00:48:00,592 - INFO - allennlp.common.params - dataset_reader.token_indexers.tokens.tokens_to_add = None
2019-04-26 00:48:00,592 - INFO - allennlp.common.params - dataset_reader.use_subtrees = False
2019-04-26 00:48:00,592 - INFO - allennlp.common.params - dataset_reader.granularity = 5-class
2019-04-26 00:48:00,592 - INFO - allennlp.common.params - dataset_reader.lazy = False
2019-04-26 00:48:00,592 - INFO - allennlp.common.params - validation_dataset_reader = None
2019-04-26 00:48:00,592 - INFO - allennlp.common.params - train_data_path = data/stanfordSentimentTreebank/trees/train.txt
2019-04-26 00:48:00,592 - INFO - allennlp.training.util - Reading training data from data/stanfordSentimentTreebank/trees/train.txt
2019-04-26 00:48:00,593 - INFO - allennlp.data.dataset_readers.stanford_sentiment_tree_bank - Reading instances from lines in file at: data/stanfordSentimentTreebank/trees/train.txt
2019-04-26 00:48:01,738 - INFO - allennlp.common.params - validation_data_path = data/stanfordSentimentTreebank/trees/dev.txt
2019-04-26 00:48:01,738 - INFO - allennlp.training.util - Reading validation data from data/stanfordSentimentTreebank/trees/dev.txt
2019-04-26 00:48:01,738 - INFO - allennlp.data.dataset_readers.stanford_sentiment_tree_bank - Reading instances from lines in file at: data/stanfordSentimentTreebank/trees/dev.txt
2019-04-26 00:48:02,017 - INFO - allennlp.common.params - test_data_path = None
2019-04-26 00:48:02,017 - INFO - allennlp.training.trainer - From dataset instances, validation, train will be considered for vocabulary creation.
2019-04-26 00:48:02,017 - INFO - allennlp.common.params - vocabulary.type = None
2019-04-26 00:48:02,017 - INFO - allennlp.common.params - vocabulary.extend = False
2019-04-26 00:48:02,017 - INFO - allennlp.common.params - vocabulary.directory_path = None
2019-04-26 00:48:02,018 - INFO - allennlp.common.params - vocabulary.min_count = None
2019-04-26 00:48:02,018 - INFO - allennlp.common.params - vocabulary.max_vocab_size = None
2019-04-26 00:48:02,018 - INFO - allennlp.common.params - vocabulary.non_padded_namespaces = ('*tags', '*labels')
2019-04-26 00:48:02,018 - INFO - allennlp.common.params - vocabulary.min_pretrained_embeddings = None
2019-04-26 00:48:02,018 - INFO - allennlp.common.params - vocabulary.only_include_pretrained_words = False
2019-04-26 00:48:02,018 - INFO - allennlp.common.params - vocabulary.tokens_to_add = None
2019-04-26 00:48:02,018 - INFO - allennlp.data.vocabulary - Fitting token dictionary from dataset.
2019-04-26 00:48:02,062 - INFO - allennlp.common.from_params - instantiating class <class 'allennlp.models.model.Model'> from params {'encoder': {'hidden_size': 128, 'input_size': 256, 'type': 'lstm'}, 'type': 'lstm_classifier', 'word_embeddings': {'tokens': {'do_layer_norm': False, 'dropout': 0.5, 'options_file': 'https://s3-us-west-2.amazonaws.com/allennlp/models/elmo/2x1024_128_2048cnn_1xhighway/elmo_2x1024_128_2048cnn_1xhighway_options.json', 'type': 'elmo_token_embedder', 'weight_file': 'https://s3-us-west-2.amazonaws.com/allennlp/models/elmo/2x1024_128_2048cnn_1xhighway/elmo_2x1024_128_2048cnn_1xhighway_weights.hdf5'}}} and extras {'vocab'}
2019-04-26 00:48:02,063 - INFO - allennlp.common.params - model.type = lstm_classifier
2019-04-26 00:48:02,063 - INFO - allennlp.common.from_params - instantiating class <class 'elmo.LstmClassifier'> from params {'encoder': {'hidden_size': 128, 'input_size': 256, 'type': 'lstm'}, 'word_embeddings': {'tokens': {'do_layer_norm': False, 'dropout': 0.5, 'options_file': 'https://s3-us-west-2.amazonaws.com/allennlp/models/elmo/2x1024_128_2048cnn_1xhighway/elmo_2x1024_128_2048cnn_1xhighway_options.json', 'type': 'elmo_token_embedder', 'weight_file': 'https://s3-us-west-2.amazonaws.com/allennlp/models/elmo/2x1024_128_2048cnn_1xhighway/elmo_2x1024_128_2048cnn_1xhighway_weights.hdf5'}}} and extras {'vocab'}
2019-04-26 00:48:02,063 - INFO - allennlp.common.from_params - instantiating class <class 'allennlp.modules.text_field_embedders.text_field_embedder.TextFieldEmbedder'> from params {'tokens': {'do_layer_norm': False, 'dropout': 0.5, 'options_file': 'https://s3-us-west-2.amazonaws.com/allennlp/models/elmo/2x1024_128_2048cnn_1xhighway/elmo_2x1024_128_2048cnn_1xhighway_options.json', 'type': 'elmo_token_embedder', 'weight_file': 'https://s3-us-west-2.amazonaws.com/allennlp/models/elmo/2x1024_128_2048cnn_1xhighway/elmo_2x1024_128_2048cnn_1xhighway_weights.hdf5'}} and extras {'vocab'}
2019-04-26 00:48:02,063 - INFO - allennlp.common.params - model.word_embeddings.type = basic
2019-04-26 00:48:02,063 - INFO - allennlp.common.params - model.word_embeddings.embedder_to_indexer_map = None
2019-04-26 00:48:02,063 - INFO - allennlp.common.params - model.word_embeddings.allow_unmatched_keys = False
2019-04-26 00:48:02,063 - INFO - allennlp.common.params - model.word_embeddings.token_embedders = None
2019-04-26 00:48:02,063 - INFO - allennlp.common.from_params - instantiating class <class 'allennlp.modules.token_embedders.token_embedder.TokenEmbedder'> from params {'do_layer_norm': False, 'dropout': 0.5, 'options_file': 'https://s3-us-west-2.amazonaws.com/allennlp/models/elmo/2x1024_128_2048cnn_1xhighway/elmo_2x1024_128_2048cnn_1xhighway_options.json', 'type': 'elmo_token_embedder', 'weight_file': 'https://s3-us-west-2.amazonaws.com/allennlp/models/elmo/2x1024_128_2048cnn_1xhighway/elmo_2x1024_128_2048cnn_1xhighway_weights.hdf5'} and extras {'vocab'}
2019-04-26 00:48:02,064 - INFO - allennlp.common.params - model.word_embeddings.tokens.type = elmo_token_embedder
2019-04-26 00:48:03,691 - INFO - allennlp.common.params - model.word_embeddings.tokens.options_file = https://s3-us-west-2.amazonaws.com/allennlp/models/elmo/2x1024_128_2048cnn_1xhighway/elmo_2x1024_128_2048cnn_1xhighway_options.json
2019-04-26 00:48:03,691 - INFO - allennlp.common.params - model.word_embeddings.tokens.weight_file = https://s3-us-west-2.amazonaws.com/allennlp/models/elmo/2x1024_128_2048cnn_1xhighway/elmo_2x1024_128_2048cnn_1xhighway_weights.hdf5
2019-04-26 00:48:03,692 - INFO - allennlp.common.params - model.word_embeddings.tokens.requires_grad = False
2019-04-26 00:48:03,692 - INFO - allennlp.common.params - model.word_embeddings.tokens.do_layer_norm = False
2019-04-26 00:48:03,692 - INFO - allennlp.common.params - model.word_embeddings.tokens.dropout = 0.5
2019-04-26 00:48:03,692 - INFO - allennlp.common.params - model.word_embeddings.tokens.namespace_to_cache = None
2019-04-26 00:48:03,692 - INFO - allennlp.common.params - model.word_embeddings.tokens.projection_dim = None
2019-04-26 00:48:03,692 - INFO - allennlp.common.params - model.word_embeddings.tokens.scalar_mix_parameters = None
2019-04-26 00:48:03,692 - INFO - allennlp.modules.elmo - Initializing ELMo
2019-04-26 00:48:14,814 - INFO - allennlp.common.from_params - instantiating class <class 'allennlp.modules.seq2vec_encoders.seq2vec_encoder.Seq2VecEncoder'> from params {'hidden_size': 128, 'input_size': 256, 'type': 'lstm'} and extras {'vocab'}
2019-04-26 00:48:14,815 - INFO - allennlp.common.params - model.encoder.type = lstm
2019-04-26 00:48:14,815 - INFO - allennlp.common.params - model.encoder.batch_first = True
2019-04-26 00:48:14,815 - INFO - allennlp.common.params - Converting Params object to dict; logging of default values will not occur when dictionary parameters are used subsequently.
2019-04-26 00:48:14,815 - INFO - allennlp.common.params - CURRENTLY DEFINED PARAMETERS: 
2019-04-26 00:48:14,815 - INFO - allennlp.common.params - model.encoder.hidden_size = 128
2019-04-26 00:48:14,815 - INFO - allennlp.common.params - model.encoder.input_size = 256
2019-04-26 00:48:14,815 - INFO - allennlp.common.params - model.encoder.batch_first = True
2019-04-26 00:48:14,817 - INFO - allennlp.common.params - model.positive_label = 4
2019-04-26 00:48:14,817 - INFO - allennlp.common.from_params - instantiating class <class 'allennlp.data.iterators.data_iterator.DataIterator'> from params {'batch_size': 32, 'sorting_keys': [['tokens', 'num_tokens']], 'type': 'bucket'} and extras set()
2019-04-26 00:48:14,817 - INFO - allennlp.common.params - iterator.type = bucket
2019-04-26 00:48:14,817 - INFO - allennlp.common.from_params - instantiating class <class 'allennlp.data.iterators.bucket_iterator.BucketIterator'> from params {'batch_size': 32, 'sorting_keys': [['tokens', 'num_tokens']]} and extras set()
2019-04-26 00:48:14,817 - INFO - allennlp.common.params - iterator.sorting_keys = [['tokens', 'num_tokens']]
2019-04-26 00:48:14,818 - INFO - allennlp.common.params - iterator.padding_noise = 0.1
2019-04-26 00:48:14,818 - INFO - allennlp.common.params - iterator.biggest_batch_first = False
2019-04-26 00:48:14,818 - INFO - allennlp.common.params - iterator.batch_size = 32
2019-04-26 00:48:14,818 - INFO - allennlp.common.params - iterator.instances_per_epoch = None
2019-04-26 00:48:14,818 - INFO - allennlp.common.params - iterator.max_instances_in_memory = None
2019-04-26 00:48:14,818 - INFO - allennlp.common.params - iterator.cache_instances = False
2019-04-26 00:48:14,818 - INFO - allennlp.common.params - iterator.track_epoch = False
2019-04-26 00:48:14,818 - INFO - allennlp.common.params - iterator.maximum_samples_per_batch = None
2019-04-26 00:48:14,818 - INFO - allennlp.common.params - validation_iterator = None
2019-04-26 00:48:14,818 - INFO - allennlp.common.params - trainer.no_grad = ()
2019-04-26 00:48:14,818 - INFO - allennlp.training.trainer - Following parameters are Frozen  (without gradient):
2019-04-26 00:48:14,818 - INFO - allennlp.training.trainer - word_embeddings.token_embedder_tokens._elmo._elmo_lstm._token_embedder._char_embedding_weights
2019-04-26 00:48:14,818 - INFO - allennlp.training.trainer - word_embeddings.token_embedder_tokens._elmo._elmo_lstm._token_embedder.char_conv_0.weight
2019-04-26 00:48:14,819 - INFO - allennlp.training.trainer - word_embeddings.token_embedder_tokens._elmo._elmo_lstm._token_embedder.char_conv_0.bias
2019-04-26 00:48:14,819 - INFO - allennlp.training.trainer - word_embeddings.token_embedder_tokens._elmo._elmo_lstm._token_embedder.char_conv_1.weight
2019-04-26 00:48:14,819 - INFO - allennlp.training.trainer - word_embeddings.token_embedder_tokens._elmo._elmo_lstm._token_embedder.char_conv_1.bias
2019-04-26 00:48:14,819 - INFO - allennlp.training.trainer - word_embeddings.token_embedder_tokens._elmo._elmo_lstm._token_embedder.char_conv_2.weight
2019-04-26 00:48:14,819 - INFO - allennlp.training.trainer - word_embeddings.token_embedder_tokens._elmo._elmo_lstm._token_embedder.char_conv_2.bias
2019-04-26 00:48:14,819 - INFO - allennlp.training.trainer - word_embeddings.token_embedder_tokens._elmo._elmo_lstm._token_embedder.char_conv_3.weight
2019-04-26 00:48:14,819 - INFO - allennlp.training.trainer - word_embeddings.token_embedder_tokens._elmo._elmo_lstm._token_embedder.char_conv_3.bias
2019-04-26 00:48:14,819 - INFO - allennlp.training.trainer - word_embeddings.token_embedder_tokens._elmo._elmo_lstm._token_embedder.char_conv_4.weight
2019-04-26 00:48:14,819 - INFO - allennlp.training.trainer - word_embeddings.token_embedder_tokens._elmo._elmo_lstm._token_embedder.char_conv_4.bias
2019-04-26 00:48:14,819 - INFO - allennlp.training.trainer - word_embeddings.token_embedder_tokens._elmo._elmo_lstm._token_embedder.char_conv_5.weight
2019-04-26 00:48:14,819 - INFO - allennlp.training.trainer - word_embeddings.token_embedder_tokens._elmo._elmo_lstm._token_embedder.char_conv_5.bias
2019-04-26 00:48:14,819 - INFO - allennlp.training.trainer - word_embeddings.token_embedder_tokens._elmo._elmo_lstm._token_embedder.char_conv_6.weight
2019-04-26 00:48:14,819 - INFO - allennlp.training.trainer - word_embeddings.token_embedder_tokens._elmo._elmo_lstm._token_embedder.char_conv_6.bias
2019-04-26 00:48:14,819 - INFO - allennlp.training.trainer - word_embeddings.token_embedder_tokens._elmo._elmo_lstm._token_embedder._highways._layers.0.weight
2019-04-26 00:48:14,819 - INFO - allennlp.training.trainer - word_embeddings.token_embedder_tokens._elmo._elmo_lstm._token_embedder._highways._layers.0.bias
2019-04-26 00:48:14,819 - INFO - allennlp.training.trainer - word_embeddings.token_embedder_tokens._elmo._elmo_lstm._token_embedder._projection.weight
2019-04-26 00:48:14,819 - INFO - allennlp.training.trainer - word_embeddings.token_embedder_tokens._elmo._elmo_lstm._token_embedder._projection.bias
2019-04-26 00:48:14,819 - INFO - allennlp.training.trainer - word_embeddings.token_embedder_tokens._elmo._elmo_lstm._elmo_lstm.forward_layer_0.input_linearity.weight
2019-04-26 00:48:14,819 - INFO - allennlp.training.trainer - word_embeddings.token_embedder_tokens._elmo._elmo_lstm._elmo_lstm.forward_layer_0.state_linearity.weight
2019-04-26 00:48:14,819 - INFO - allennlp.training.trainer - word_embeddings.token_embedder_tokens._elmo._elmo_lstm._elmo_lstm.forward_layer_0.state_linearity.bias
2019-04-26 00:48:14,819 - INFO - allennlp.training.trainer - word_embeddings.token_embedder_tokens._elmo._elmo_lstm._elmo_lstm.forward_layer_0.state_projection.weight
2019-04-26 00:48:14,819 - INFO - allennlp.training.trainer - word_embeddings.token_embedder_tokens._elmo._elmo_lstm._elmo_lstm.backward_layer_0.input_linearity.weight
2019-04-26 00:48:14,819 - INFO - allennlp.training.trainer - word_embeddings.token_embedder_tokens._elmo._elmo_lstm._elmo_lstm.backward_layer_0.state_linearity.weight
2019-04-26 00:48:14,819 - INFO - allennlp.training.trainer - word_embeddings.token_embedder_tokens._elmo._elmo_lstm._elmo_lstm.backward_layer_0.state_linearity.bias
2019-04-26 00:48:14,819 - INFO - allennlp.training.trainer - word_embeddings.token_embedder_tokens._elmo._elmo_lstm._elmo_lstm.backward_layer_0.state_projection.weight
2019-04-26 00:48:14,820 - INFO - allennlp.training.trainer - word_embeddings.token_embedder_tokens._elmo._elmo_lstm._elmo_lstm.forward_layer_1.input_linearity.weight
2019-04-26 00:48:14,820 - INFO - allennlp.training.trainer - word_embeddings.token_embedder_tokens._elmo._elmo_lstm._elmo_lstm.forward_layer_1.state_linearity.weight
2019-04-26 00:48:14,820 - INFO - allennlp.training.trainer - word_embeddings.token_embedder_tokens._elmo._elmo_lstm._elmo_lstm.forward_layer_1.state_linearity.bias
2019-04-26 00:48:14,820 - INFO - allennlp.training.trainer - word_embeddings.token_embedder_tokens._elmo._elmo_lstm._elmo_lstm.forward_layer_1.state_projection.weight
2019-04-26 00:48:14,820 - INFO - allennlp.training.trainer - word_embeddings.token_embedder_tokens._elmo._elmo_lstm._elmo_lstm.backward_layer_1.input_linearity.weight
2019-04-26 00:48:14,820 - INFO - allennlp.training.trainer - word_embeddings.token_embedder_tokens._elmo._elmo_lstm._elmo_lstm.backward_layer_1.state_linearity.weight
2019-04-26 00:48:14,820 - INFO - allennlp.training.trainer - word_embeddings.token_embedder_tokens._elmo._elmo_lstm._elmo_lstm.backward_layer_1.state_linearity.bias
2019-04-26 00:48:14,820 - INFO - allennlp.training.trainer - word_embeddings.token_embedder_tokens._elmo._elmo_lstm._elmo_lstm.backward_layer_1.state_projection.weight
2019-04-26 00:48:14,820 - INFO - allennlp.training.trainer - Following parameters are Tunable (with gradient):
2019-04-26 00:48:14,820 - INFO - allennlp.training.trainer - word_embeddings.token_embedder_tokens._elmo.scalar_mix_0.gamma
2019-04-26 00:48:14,820 - INFO - allennlp.training.trainer - word_embeddings.token_embedder_tokens._elmo.scalar_mix_0.scalar_parameters.0
2019-04-26 00:48:14,820 - INFO - allennlp.training.trainer - word_embeddings.token_embedder_tokens._elmo.scalar_mix_0.scalar_parameters.1
2019-04-26 00:48:14,820 - INFO - allennlp.training.trainer - word_embeddings.token_embedder_tokens._elmo.scalar_mix_0.scalar_parameters.2
2019-04-26 00:48:14,820 - INFO - allennlp.training.trainer - encoder._module.weight_ih_l0
2019-04-26 00:48:14,820 - INFO - allennlp.training.trainer - encoder._module.weight_hh_l0
2019-04-26 00:48:14,820 - INFO - allennlp.training.trainer - encoder._module.bias_ih_l0
2019-04-26 00:48:14,820 - INFO - allennlp.training.trainer - encoder._module.bias_hh_l0
2019-04-26 00:48:14,820 - INFO - allennlp.training.trainer - linear.weight
2019-04-26 00:48:14,820 - INFO - allennlp.training.trainer - linear.bias
2019-04-26 00:48:14,820 - INFO - allennlp.common.params - trainer.patience = 5
2019-04-26 00:48:14,820 - INFO - allennlp.common.params - trainer.validation_metric = -loss
2019-04-26 00:48:14,820 - INFO - allennlp.common.params - trainer.shuffle = True
2019-04-26 00:48:14,820 - INFO - allennlp.common.params - trainer.num_epochs = 50
2019-04-26 00:48:14,820 - INFO - allennlp.common.params - trainer.cuda_device = -1
2019-04-26 00:48:14,821 - INFO - allennlp.common.params - trainer.grad_norm = None
2019-04-26 00:48:14,821 - INFO - allennlp.common.params - trainer.grad_clipping = None
2019-04-26 00:48:14,821 - INFO - allennlp.common.params - trainer.learning_rate_scheduler = None
2019-04-26 00:48:14,821 - INFO - allennlp.common.params - trainer.momentum_scheduler = None
2019-04-26 00:48:14,821 - INFO - allennlp.common.params - trainer.optimizer = adam
2019-04-26 00:48:14,821 - INFO - allennlp.common.params - parameter_groups = None
2019-04-26 00:48:14,821 - INFO - allennlp.training.optimizers - Number of trainable parameters: 198281
2019-04-26 00:48:14,821 - INFO - allennlp.common.params - infer_type_and_cast = True
2019-04-26 00:48:14,821 - INFO - allennlp.common.params - Converting Params object to dict; logging of default values will not occur when dictionary parameters are used subsequently.
2019-04-26 00:48:14,821 - INFO - allennlp.common.params - CURRENTLY DEFINED PARAMETERS: 
2019-04-26 00:48:14,821 - INFO - allennlp.common.params - trainer.num_serialized_models_to_keep = 20
2019-04-26 00:48:14,821 - INFO - allennlp.common.params - trainer.keep_serialized_model_every_num_seconds = None
2019-04-26 00:48:14,821 - INFO - allennlp.common.params - trainer.model_save_interval = None
2019-04-26 00:48:14,821 - INFO - allennlp.common.params - trainer.summary_interval = 100
2019-04-26 00:48:14,821 - INFO - allennlp.common.params - trainer.histogram_interval = None
2019-04-26 00:48:14,821 - INFO - allennlp.common.params - trainer.should_log_parameter_statistics = True
2019-04-26 00:48:14,821 - INFO - allennlp.common.params - trainer.should_log_learning_rate = False
2019-04-26 00:48:14,821 - INFO - allennlp.common.params - trainer.log_batch_size_period = None
2019-04-26 00:48:14,844 - INFO - root - Failed to import cuda module: No module named 'caffe2.python.caffe2_pybind11_state_gpu'
2019-04-26 00:48:14,845 - INFO - root - Failed to import AMD hip module: No module named 'caffe2.python.caffe2_pybind11_state_hip'
2019-04-26 00:48:14,845 - WARNING - root - This caffe2 python run does not have GPU support. Will run in CPU only mode.
2019-04-26 00:48:14,849 - INFO - allennlp.training.trainer - Beginning training.
2019-04-26 00:48:14,849 - INFO - allennlp.training.trainer - Epoch 0/49
2019-04-26 00:48:14,850 - INFO - allennlp.training.trainer - Peak CPU memory usage MB: 380.664
2019-04-26 00:48:14,862 - INFO - allennlp.training.trainer - Training
2019-04-26 00:50:16,144 - INFO - allennlp.training.trainer - Validating
2019-04-26 00:50:30,049 - INFO - allennlp.training.tensorboard_writer -                   Training |  Validation
2019-04-26 00:50:30,050 - INFO - allennlp.training.tensorboard_writer - accuracy      |     0.344  |     0.400
2019-04-26 00:50:30,050 - INFO - allennlp.training.tensorboard_writer - recall        |     0.003  |     0.000
2019-04-26 00:50:30,050 - INFO - allennlp.training.tensorboard_writer - cpu_memory_MB |   380.664  |       N/A
2019-04-26 00:50:30,051 - INFO - allennlp.training.tensorboard_writer - loss          |     1.476  |     1.357
2019-04-26 00:50:30,051 - INFO - allennlp.training.tensorboard_writer - precision     |     0.333  |     0.000
2019-04-26 00:50:30,051 - INFO - allennlp.training.tensorboard_writer - f1_measure    |     0.005  |     0.000
2019-04-26 00:50:30,857 - INFO - allennlp.training.checkpointer - Best validation performance so far. Copying weights to 'elmo-model/best.th'.
2019-04-26 00:50:31,997 - INFO - allennlp.training.trainer - Epoch duration: 00:02:17
2019-04-26 00:50:31,997 - INFO - allennlp.training.trainer - Estimated training time remaining: 1:52:00
2019-04-26 00:50:31,997 - INFO - allennlp.training.trainer - Epoch 1/49
2019-04-26 00:50:31,997 - INFO - allennlp.training.trainer - Peak CPU memory usage MB: 1588.0
2019-04-26 00:50:32,025 - INFO - allennlp.training.trainer - Training
2019-04-26 00:52:33,062 - INFO - allennlp.training.trainer - Validating
2019-04-26 00:52:46,285 - INFO - allennlp.training.tensorboard_writer -                   Training |  Validation
2019-04-26 00:52:46,285 - INFO - allennlp.training.tensorboard_writer - accuracy      |     0.402  |     0.428
2019-04-26 00:52:46,285 - INFO - allennlp.training.tensorboard_writer - recall        |     0.028  |     0.007
2019-04-26 00:52:46,286 - INFO - allennlp.training.tensorboard_writer - cpu_memory_MB |  1588.000  |       N/A
2019-04-26 00:52:46,286 - INFO - allennlp.training.tensorboard_writer - loss          |     1.382  |     1.315
2019-04-26 00:52:46,286 - INFO - allennlp.training.tensorboard_writer - precision     |     0.456  |     0.333
2019-04-26 00:52:46,287 - INFO - allennlp.training.tensorboard_writer - f1_measure    |     0.053  |     0.014
2019-04-26 00:52:46,322 - INFO - allennlp.training.checkpointer - Best validation performance so far. Copying weights to 'elmo-model/best.th'.
2019-04-26 00:52:46,540 - INFO - allennlp.training.trainer - Epoch duration: 00:02:14
2019-04-26 00:52:46,541 - INFO - allennlp.training.trainer - Estimated training time remaining: 1:48:40
2019-04-26 00:52:46,541 - INFO - allennlp.training.trainer - Epoch 2/49
2019-04-26 00:52:46,541 - INFO - allennlp.training.trainer - Peak CPU memory usage MB: 1633.676
2019-04-26 00:52:46,590 - INFO - allennlp.training.trainer - Training
2019-04-26 00:54:49,129 - INFO - allennlp.training.trainer - Validating
2019-04-26 00:55:02,300 - INFO - allennlp.training.tensorboard_writer -                   Training |  Validation
2019-04-26 00:55:02,301 - INFO - allennlp.training.tensorboard_writer - accuracy      |     0.412  |     0.419
2019-04-26 00:55:02,301 - INFO - allennlp.training.tensorboard_writer - recall        |     0.079  |     0.158
2019-04-26 00:55:02,302 - INFO - allennlp.training.tensorboard_writer - cpu_memory_MB |  1633.676  |       N/A
2019-04-26 00:55:02,302 - INFO - allennlp.training.tensorboard_writer - loss          |     1.345  |     1.312
2019-04-26 00:55:02,302 - INFO - allennlp.training.tensorboard_writer - precision     |     0.417  |     0.333
2019-04-26 00:55:02,302 - INFO - allennlp.training.tensorboard_writer - f1_measure    |     0.133  |     0.215
2019-04-26 00:55:02,339 - INFO - allennlp.training.checkpointer - Best validation performance so far. Copying weights to 'elmo-model/best.th'.
2019-04-26 00:55:02,575 - INFO - allennlp.training.trainer - Epoch duration: 00:02:16
2019-04-26 00:55:02,575 - INFO - allennlp.training.trainer - Estimated training time remaining: 1:46:27
2019-04-26 00:55:02,576 - INFO - allennlp.training.trainer - Epoch 3/49
2019-04-26 00:55:02,576 - INFO - allennlp.training.trainer - Peak CPU memory usage MB: 1633.676
2019-04-26 00:55:02,652 - INFO - allennlp.training.trainer - Training
2019-04-26 00:57:01,789 - INFO - allennlp.training.trainer - Validating
2019-04-26 00:57:13,984 - INFO - allennlp.training.tensorboard_writer -                   Training |  Validation
2019-04-26 00:57:13,984 - INFO - allennlp.training.tensorboard_writer - accuracy      |     0.435  |     0.417
2019-04-26 00:57:13,985 - INFO - allennlp.training.tensorboard_writer - recall        |     0.190  |     0.201
2019-04-26 00:57:13,985 - INFO - allennlp.training.tensorboard_writer - cpu_memory_MB |  1633.676  |       N/A
2019-04-26 00:57:13,985 - INFO - allennlp.training.tensorboard_writer - loss          |     1.305  |     1.308
2019-04-26 00:57:13,986 - INFO - allennlp.training.tensorboard_writer - precision     |     0.460  |     0.322
2019-04-26 00:57:13,986 - INFO - allennlp.training.tensorboard_writer - f1_measure    |     0.268  |     0.248
2019-04-26 00:57:14,026 - INFO - allennlp.training.checkpointer - Best validation performance so far. Copying weights to 'elmo-model/best.th'.
2019-04-26 00:57:14,255 - INFO - allennlp.training.trainer - Epoch duration: 00:02:11
2019-04-26 00:57:14,256 - INFO - allennlp.training.trainer - Estimated training time remaining: 1:43:23
2019-04-26 00:57:14,256 - INFO - allennlp.training.trainer - Epoch 4/49
2019-04-26 00:57:14,256 - INFO - allennlp.training.trainer - Peak CPU memory usage MB: 1633.676
2019-04-26 00:57:14,323 - INFO - allennlp.training.trainer - Training
2019-04-26 00:59:08,539 - INFO - allennlp.training.trainer - Validating
2019-04-26 00:59:20,743 - INFO - allennlp.training.tensorboard_writer -                   Training |  Validation
2019-04-26 00:59:20,744 - INFO - allennlp.training.tensorboard_writer - accuracy      |     0.451  |     0.429
2019-04-26 00:59:20,744 - INFO - allennlp.training.tensorboard_writer - recall        |     0.208  |     0.043
2019-04-26 00:59:20,745 - INFO - allennlp.training.tensorboard_writer - cpu_memory_MB |  1633.676  |       N/A
2019-04-26 00:59:20,745 - INFO - allennlp.training.tensorboard_writer - loss          |     1.278  |     1.306
2019-04-26 00:59:20,745 - INFO - allennlp.training.tensorboard_writer - precision     |     0.471  |     0.300
2019-04-26 00:59:20,745 - INFO - allennlp.training.tensorboard_writer - f1_measure    |     0.288  |     0.075
2019-04-26 00:59:20,785 - INFO - allennlp.training.checkpointer - Best validation performance so far. Copying weights to 'elmo-model/best.th'.
2019-04-26 00:59:20,969 - INFO - allennlp.training.trainer - Epoch duration: 00:02:06
2019-04-26 00:59:20,970 - INFO - allennlp.training.trainer - Estimated training time remaining: 1:39:55
2019-04-26 00:59:20,970 - INFO - allennlp.training.trainer - Epoch 5/49
2019-04-26 00:59:20,970 - INFO - allennlp.training.trainer - Peak CPU memory usage MB: 1664.984
2019-04-26 00:59:21,032 - INFO - allennlp.training.trainer - Training
2019-04-26 01:01:17,265 - INFO - allennlp.training.trainer - Validating
2019-04-26 01:01:29,551 - INFO - allennlp.training.tensorboard_writer -                   Training |  Validation
2019-04-26 01:01:29,551 - INFO - allennlp.training.tensorboard_writer - accuracy      |     0.465  |     0.447
2019-04-26 01:01:29,552 - INFO - allennlp.training.tensorboard_writer - recall        |     0.225  |     0.281
2019-04-26 01:01:29,552 - INFO - allennlp.training.tensorboard_writer - cpu_memory_MB |  1664.984  |       N/A
2019-04-26 01:01:29,552 - INFO - allennlp.training.tensorboard_writer - loss          |     1.234  |     1.297
2019-04-26 01:01:29,553 - INFO - allennlp.training.tensorboard_writer - precision     |     0.478  |     0.345
2019-04-26 01:01:29,553 - INFO - allennlp.training.tensorboard_writer - f1_measure    |     0.306  |     0.310
2019-04-26 01:01:29,592 - INFO - allennlp.training.checkpointer - Best validation performance so far. Copying weights to 'elmo-model/best.th'.
2019-04-26 01:01:29,822 - INFO - allennlp.training.trainer - Epoch duration: 00:02:08
2019-04-26 01:01:29,822 - INFO - allennlp.training.trainer - Estimated training time remaining: 1:37:09
2019-04-26 01:01:29,822 - INFO - allennlp.training.trainer - Epoch 6/49
2019-04-26 01:01:29,822 - INFO - allennlp.training.trainer - Peak CPU memory usage MB: 1672.428
2019-04-26 01:01:29,879 - INFO - allennlp.training.trainer - Training
2019-04-26 01:03:30,642 - INFO - allennlp.training.trainer - Validating
2019-04-26 01:03:43,859 - INFO - allennlp.training.tensorboard_writer -                   Training |  Validation
2019-04-26 01:03:43,859 - INFO - allennlp.training.tensorboard_writer - accuracy      |     0.485  |     0.444
2019-04-26 01:03:43,860 - INFO - allennlp.training.tensorboard_writer - recall        |     0.282  |     0.288
2019-04-26 01:03:43,860 - INFO - allennlp.training.tensorboard_writer - cpu_memory_MB |  1672.428  |       N/A
2019-04-26 01:03:43,860 - INFO - allennlp.training.tensorboard_writer - loss          |     1.205  |     1.307
2019-04-26 01:03:43,860 - INFO - allennlp.training.tensorboard_writer - precision     |     0.519  |     0.374
2019-04-26 01:03:43,861 - INFO - allennlp.training.tensorboard_writer - f1_measure    |     0.366  |     0.325
2019-04-26 01:03:43,896 - INFO - allennlp.training.trainer - Epoch duration: 00:02:14
2019-04-26 01:03:43,896 - INFO - allennlp.training.trainer - Estimated training time remaining: 1:35:07
2019-04-26 01:03:43,896 - INFO - allennlp.training.trainer - Epoch 7/49
2019-04-26 01:03:43,896 - INFO - allennlp.training.trainer - Peak CPU memory usage MB: 1685.128
2019-04-26 01:03:43,926 - INFO - allennlp.training.trainer - Training
2019-04-26 01:05:40,756 - INFO - allennlp.training.trainer - Validating
2019-04-26 01:05:53,193 - INFO - allennlp.training.tensorboard_writer -                   Training |  Validation
2019-04-26 01:05:53,193 - INFO - allennlp.training.tensorboard_writer - accuracy      |     0.496  |     0.434
2019-04-26 01:05:53,194 - INFO - allennlp.training.tensorboard_writer - recall        |     0.292  |     0.273
2019-04-26 01:05:53,194 - INFO - allennlp.training.tensorboard_writer - cpu_memory_MB |  1685.128  |       N/A
2019-04-26 01:05:53,194 - INFO - allennlp.training.tensorboard_writer - loss          |     1.174  |     1.298
2019-04-26 01:05:53,195 - INFO - allennlp.training.tensorboard_writer - precision     |     0.486  |     0.349
2019-04-26 01:05:53,195 - INFO - allennlp.training.tensorboard_writer - f1_measure    |     0.365  |     0.306
2019-04-26 01:05:53,235 - INFO - allennlp.training.trainer - Epoch duration: 00:02:09
2019-04-26 01:05:53,236 - INFO - allennlp.training.trainer - Estimated training time remaining: 1:32:36
2019-04-26 01:05:53,236 - INFO - allennlp.training.trainer - Epoch 8/49
2019-04-26 01:05:53,236 - INFO - allennlp.training.trainer - Peak CPU memory usage MB: 1685.128
2019-04-26 01:05:53,267 - INFO - allennlp.training.trainer - Training
2019-04-26 01:07:41,947 - INFO - allennlp.training.trainer - Validating
2019-04-26 01:07:54,202 - INFO - allennlp.training.tensorboard_writer -                   Training |  Validation
2019-04-26 01:07:54,202 - INFO - allennlp.training.tensorboard_writer - accuracy      |     0.521  |     0.425
2019-04-26 01:07:54,203 - INFO - allennlp.training.tensorboard_writer - recall        |     0.356  |     0.237
2019-04-26 01:07:54,203 - INFO - allennlp.training.tensorboard_writer - cpu_memory_MB |  1685.128  |       N/A
2019-04-26 01:07:54,204 - INFO - allennlp.training.tensorboard_writer - loss          |     1.134  |     1.345
2019-04-26 01:07:54,204 - INFO - allennlp.training.tensorboard_writer - precision     |     0.533  |     0.375
2019-04-26 01:07:54,204 - INFO - allennlp.training.tensorboard_writer - f1_measure    |     0.427  |     0.291
2019-04-26 01:07:54,246 - INFO - allennlp.training.trainer - Epoch duration: 00:02:01
2019-04-26 01:07:54,246 - INFO - allennlp.training.trainer - Estimated training time remaining: 1:29:32
2019-04-26 01:07:54,246 - INFO - allennlp.training.trainer - Epoch 9/49
2019-04-26 01:07:54,246 - INFO - allennlp.training.trainer - Peak CPU memory usage MB: 1685.128
2019-04-26 01:07:54,275 - INFO - allennlp.training.trainer - Training
2019-04-26 01:09:42,810 - INFO - allennlp.training.trainer - Validating
2019-04-26 01:09:54,992 - INFO - allennlp.training.tensorboard_writer -                   Training |  Validation
2019-04-26 01:09:54,992 - INFO - allennlp.training.tensorboard_writer - accuracy      |     0.529  |     0.432
2019-04-26 01:09:54,993 - INFO - allennlp.training.tensorboard_writer - recall        |     0.358  |     0.317
2019-04-26 01:09:54,993 - INFO - allennlp.training.tensorboard_writer - cpu_memory_MB |  1685.128  |       N/A
2019-04-26 01:09:54,993 - INFO - allennlp.training.tensorboard_writer - loss          |     1.105  |     1.362
2019-04-26 01:09:54,993 - INFO - allennlp.training.tensorboard_writer - precision     |     0.546  |     0.367
2019-04-26 01:09:54,994 - INFO - allennlp.training.tensorboard_writer - f1_measure    |     0.433  |     0.340
2019-04-26 01:09:55,033 - INFO - allennlp.training.trainer - Epoch duration: 00:02:00
2019-04-26 01:09:55,033 - INFO - allennlp.training.trainer - Estimated training time remaining: 1:26:40
2019-04-26 01:09:55,033 - INFO - allennlp.training.trainer - Epoch 10/49
2019-04-26 01:09:55,033 - INFO - allennlp.training.trainer - Peak CPU memory usage MB: 1685.128
2019-04-26 01:09:55,062 - INFO - allennlp.training.trainer - Training
2019-04-26 01:11:43,481 - INFO - allennlp.training.trainer - Validating
2019-04-26 01:11:55,596 - INFO - allennlp.training.trainer - Ran out of patience.  Stopping training.
2019-04-26 01:11:55,596 - INFO - allennlp.training.checkpointer - loading best weights
